# JRE version: Java(TM) SE Runtime Environment (8.0_191-b12) (build 1.8.0_191-b12)
# Java VM: Java HotSpot(TM) 64-Bit Server VM (25.191-b12 mixed mode bsd-amd64 compressed oops)
Heap:
 PSYoungGen      total 616960K, used 63819K [0x0000000167d80000, 0x0000000190e00000, 0x0000000192800000)
  eden space 615424K, 10% used [0x0000000167d80000,0x000000016ba5bd50,0x000000018d680000)
  from space 1536K, 97% used [0x0000000190c80000,0x0000000190df7140,0x0000000190e00000)
  to   space 25088K, 0% used [0x000000018dd00000,0x000000018dd00000,0x000000018f580000)
 ParOldGen       total 175104K, used 45642K [0x0000000112800000, 0x000000011d300000, 0x0000000167d80000)
  object space 175104K, 26% used [0x0000000112800000,0x0000000115492820,0x000000011d300000)
 Metaspace       used 40108K, capacity 40786K, committed 40960K, reserved 1085440K
  class space    used 4687K, capacity 4849K, committed 4864K, reserved 1048576K
GC Heap History (10 events):
Event: 133.257 GC heap before
{Heap before GC invocations=12 (full 2):
 PSYoungGen      total 482816K, used 457301K [0x0000000167d80000, 0x0000000192800000, 0x0000000192800000)
  eden space 455680K, 100% used [0x0000000167d80000,0x0000000183a80000,0x0000000183a80000)
  from space 27136K, 5% used [0x0000000183a80000,0x0000000183c154f0,0x0000000185500000)
  to   space 27648K, 0% used [0x0000000190d00000,0x0000000190d00000,0x0000000192800000)
 ParOldGen       total 175104K, used 39256K [0x0000000112800000, 0x000000011d300000, 0x0000000167d80000)
  object space 175104K, 22% used [0x0000000112800000,0x0000000114e56260,0x000000011d300000)
 Metaspace       used 39211K, capacity 39808K, committed 39936K, reserved 1085440K
  class space    used 4634K, capacity 4796K, committed 4864K, reserved 1048576K
Event: 133.259 GC heap after
Heap after GC invocations=12 (full 2):
 PSYoungGen      total 671232K, used 949K [0x0000000167d80000, 0x0000000192800000, 0x0000000192800000)
  eden space 643584K, 0% used [0x0000000167d80000,0x0000000167d80000,0x000000018f200000)
  from space 27648K, 3% used [0x0000000190d00000,0x0000000190ded4f0,0x0000000192800000)
  to   space 27648K, 0% used [0x000000018f200000,0x000000018f200000,0x0000000190d00000)
 ParOldGen       total 175104K, used 39971K [0x0000000112800000, 0x000000011d300000, 0x0000000167d80000)
  object space 175104K, 22% used [0x0000000112800000,0x0000000114f08d18,0x000000011d300000)
 Metaspace       used 39211K, capacity 39808K, committed 39936K, reserved 1085440K
  class space    used 4634K, capacity 4796K, committed 4864K, reserved 1048576K
}
Event: 153.066 GC heap before
{Heap before GC invocations=13 (full 2):
 PSYoungGen      total 671232K, used 644533K [0x0000000167d80000, 0x0000000192800000, 0x0000000192800000)
  eden space 643584K, 100% used [0x0000000167d80000,0x000000018f200000,0x000000018f200000)
  from space 27648K, 3% used [0x0000000190d00000,0x0000000190ded4f0,0x0000000192800000)
  to   space 27648K, 0% used [0x000000018f200000,0x000000018f200000,0x0000000190d00000)
 ParOldGen       total 175104K, used 39971K [0x0000000112800000, 0x000000011d300000, 0x0000000167d80000)
  object space 175104K, 22% used [0x0000000112800000,0x0000000114f08d18,0x000000011d300000)
 Metaspace       used 39313K, capacity 39872K, committed 40192K, reserved 1085440K
  class space    used 4644K, capacity 4796K, committed 4864K, reserved 1048576K
Event: 153.068 GC heap after
Heap after GC invocations=13 (full 2):
 PSYoungGen      total 671232K, used 853K [0x0000000167d80000, 0x0000000192800000, 0x0000000192800000)
  eden space 643584K, 0% used [0x0000000167d80000,0x0000000167d80000,0x000000018f200000)
  from space 27648K, 3% used [0x000000018f200000,0x000000018f2d54f0,0x0000000190d00000)
  to   space 27648K, 0% used [0x0000000190d00000,0x0000000190d00000,0x0000000192800000)
 ParOldGen       total 175104K, used 40174K [0x0000000112800000, 0x000000011d300000, 0x0000000167d80000)
  object space 175104K, 22% used [0x0000000112800000,0x0000000114f3b808,0x000000011d300000)
 Metaspace       used 39313K, capacity 39872K, committed 40192K, reserved 1085440K
  class space    used 4644K, capacity 4796K, committed 4864K, reserved 1048576K
}
Event: 178.759 GC heap before
{Heap before GC invocations=14 (full 2):
 PSYoungGen      total 671232K, used 644437K [0x0000000167d80000, 0x0000000192800000, 0x0000000192800000)
  eden space 643584K, 100% used [0x0000000167d80000,0x000000018f200000,0x000000018f200000)
  from space 27648K, 3% used [0x000000018f200000,0x000000018f2d54f0,0x0000000190d00000)
  to   space 27648K, 0% used [0x0000000190d00000,0x0000000190d00000,0x0000000192800000)
 ParOldGen       total 175104K, used 40174K [0x0000000112800000, 0x000000011d300000, 0x0000000167d80000)
  object space 175104K, 22% used [0x0000000112800000,0x0000000114f3b808,0x000000011d300000)
 Metaspace       used 39482K, capacity 40064K, committed 40192K, reserved 1085440K
  class space    used 4648K, capacity 4796K, committed 4864K, reserved 1048576K
Event: 178.761 GC heap after
Heap after GC invocations=14 (full 2):
 PSYoungGen      total 670208K, used 1077K [0x0000000167d80000, 0x0000000192700000, 0x0000000192800000)
  eden space 643584K, 0% used [0x0000000167d80000,0x0000000167d80000,0x000000018f200000)
  from space 26624K, 4% used [0x0000000190d00000,0x0000000190e0d4f0,0x0000000192700000)
  to   space 27136K, 0% used [0x000000018f200000,0x000000018f200000,0x0000000190c80000)
 ParOldGen       total 175104K, used 40326K [0x0000000112800000, 0x000000011d300000, 0x0000000167d80000)
  object space 175104K, 23% used [0x0000000112800000,0x0000000114f61ab8,0x000000011d300000)
 Metaspace       used 39482K, capacity 40064K, committed 40192K, reserved 1085440K
  class space    used 4648K, capacity 4796K, committed 4864K, reserved 1048576K
}
Event: 312.986 GC heap before
{Heap before GC invocations=15 (full 2):
 PSYoungGen      total 670208K, used 644661K [0x0000000167d80000, 0x0000000192700000, 0x0000000192800000)
  eden space 643584K, 100% used [0x0000000167d80000,0x000000018f200000,0x000000018f200000)
  from space 26624K, 4% used [0x0000000190d00000,0x0000000190e0d4f0,0x0000000192700000)
  to   space 27136K, 0% used [0x000000018f200000,0x000000018f200000,0x0000000190c80000)
 ParOldGen       total 175104K, used 40326K [0x0000000112800000, 0x000000011d300000, 0x0000000167d80000)
  object space 175104K, 23% used [0x0000000112800000,0x0000000114f61ab8,0x000000011d300000)
 Metaspace       used 39997K, capacity 40626K, committed 40704K, reserved 1085440K
  class space    used 4681K, capacity 4817K, committed 4864K, reserved 1048576K
Event: 312.991 GC heap after
Heap after GC invocations=15 (full 2):
 PSYoungGen      total 670720K, used 6297K [0x0000000167d80000, 0x0000000192580000, 0x0000000192800000)
  eden space 643584K, 0% used [0x0000000167d80000,0x0000000167d80000,0x000000018f200000)
  from space 27136K, 23% used [0x000000018f200000,0x000000018f826768,0x0000000190c80000)
  to   space 25600K, 0% used [0x0000000190c80000,0x0000000190c80000,0x0000000192580000)
 ParOldGen       total 175104K, used 40644K [0x0000000112800000, 0x000000011d300000, 0x0000000167d80000)
  object space 175104K, 23% used [0x0000000112800000,0x0000000114fb1098,0x000000011d300000)
 Metaspace       used 39997K, capacity 40626K, committed 40704K, reserved 1085440K
  class space    used 4681K, capacity 4817K, committed 4864K, reserved 1048576K
}
Event: 361.702 GC heap before
{Heap before GC invocations=16 (full 2):
 PSYoungGen      total 670720K, used 649881K [0x0000000167d80000, 0x0000000192580000, 0x0000000192800000)
  eden space 643584K, 100% used [0x0000000167d80000,0x000000018f200000,0x000000018f200000)
  from space 27136K, 23% used [0x000000018f200000,0x000000018f826768,0x0000000190c80000)
  to   space 25600K, 0% used [0x0000000190c80000,0x0000000190c80000,0x0000000192580000)
 ParOldGen       total 175104K, used 40644K [0x0000000112800000, 0x000000011d300000, 0x0000000167d80000)
  object space 175104K, 23% used [0x0000000112800000,0x0000000114fb1098,0x000000011d300000)
 Metaspace       used 40065K, capacity 40690K, committed 40960K, reserved 1085440K
  class space    used 4682K, capacity 4817K, committed 4864K, reserved 1048576K
Event: 361.706 GC heap after
Heap after GC invocations=16 (full 2):
 PSYoungGen      total 616960K, used 1500K [0x0000000167d80000, 0x0000000190e00000, 0x0000000192800000)
  eden space 615424K, 0% used [0x0000000167d80000,0x0000000167d80000,0x000000018d680000)
  from space 1536K, 97% used [0x0000000190c80000,0x0000000190df7140,0x0000000190e00000)
  to   space 25088K, 0% used [0x000000018dd00000,0x000000018dd00000,0x000000018f580000)
 ParOldGen       total 175104K, used 45642K [0x0000000112800000, 0x000000011d300000, 0x0000000167d80000)
  object space 175104K, 26% used [0x0000000112800000,0x0000000115492820,0x000000011d300000)
 Metaspace       used 40065K, capacity 40690K, committed 40960K, reserved 1085440K
  class space    used 4682K, capacity 4817K, committed 4864K, reserved 1048576K
}

